execve("./hello", ["./hello"], [/* 19 vars */]) = 0
brk(NULL)                               = 0x55f523ed3000
access("/etc/ld.so.nohwcap", F_OK)      = -1 ENOENT (No such file or directory)
mmap(NULL, 12288, PROT_READ|PROT_WRITE, MAP_PRIVATE|MAP_ANONYMOUS, -1, 0) = 0x7f2d781e4000
access("/etc/ld.so.preload", R_OK)      = -1 ENOENT (No such file or directory)
open("/etc/ld.so.cache", O_RDONLY|O_CLOEXEC) = 3
fstat(3, {st_mode=S_IFREG|0644, st_size=16808, ...}) = 0
mmap(NULL, 16808, PROT_READ, MAP_PRIVATE, 3, 0) = 0x7f2d781df000
close(3)                                = 0
access("/etc/ld.so.nohwcap", F_OK)      = -1 ENOENT (No such file or directory)
open("/lib/x86_64-linux-gnu/libc.so.6", O_RDONLY|O_CLOEXEC) = 3
read(3, "\177ELF\2\1\1\3\0\0\0\0\0\0\0\0\3\0>\0\1\0\0\0\0\4\2\0\0\0\0\0"..., 832) = 832
fstat(3, {st_mode=S_IFREG|0755, st_size=1689360, ...}) = 0
mmap(NULL, 3795296, PROT_READ|PROT_EXEC, MAP_PRIVATE|MAP_DENYWRITE, 3, 0) = 0x7f2d77c25000
mprotect(0x7f2d77dba000, 2097152, PROT_NONE) = 0
mmap(0x7f2d77fba000, 24576, PROT_READ|PROT_WRITE, MAP_PRIVATE|MAP_FIXED|MAP_DENYWRITE, 3, 0x195000) = 0x7f2d77fba000
mmap(0x7f2d77fc0000, 14688, PROT_READ|PROT_WRITE, MAP_PRIVATE|MAP_FIXED|MAP_ANONYMOUS, -1, 0) = 0x7f2d77fc0000
close(3)                                = 0
mmap(NULL, 8192, PROT_READ|PROT_WRITE, MAP_PRIVATE|MAP_ANONYMOUS, -1, 0) = 0x7f2d781dd000
arch_prctl(ARCH_SET_FS, 0x7f2d781dd700) = 0
mprotect(0x7f2d77fba000, 16384, PROT_READ) = 0
mprotect(0x55f5233c9000, 4096, PROT_READ) = 0
mprotect(0x7f2d781e7000, 4096, PROT_READ) = 0
munmap(0x7f2d781df000, 16808)           = 0
fstat(1, {st_mode=S_IFCHR|0620, st_rdev=makedev(136, 1), ...}) = 0
brk(NULL)                               = 0x55f523ed3000
brk(0x55f523ef4000)                     = 0x55f523ef4000
write(1, "hello world\n", 12)           = 12
exit_group(0)                           = ?
+++ exited with 0 +++
