execve("/usr/bin/python3", ["python3", "./hello.py"], 0x7ffe591cd078 /* 24 vars */) = 0
brk(NULL)                               = 0x19d7000
access("/etc/ld.so.nohwcap", F_OK)      = -1 ENOENT (No such file or directory)
access("/etc/ld.so.preload", R_OK)      = -1 ENOENT (No such file or directory)
openat(AT_FDCWD, "/etc/ld.so.cache", O_RDONLY|O_CLOEXEC) = 3
fstat(3, {st_mode=S_IFREG|0644, st_size=26620, ...}) = 0
mmap(NULL, 26620, PROT_READ, MAP_PRIVATE, 3, 0) = 0x7f9a7ad8e000
close(3)                                = 0
access("/etc/ld.so.nohwcap", F_OK)      = -1 ENOENT (No such file or directory)
openat(AT_FDCWD, "/lib/x86_64-linux-gnu/libc.so.6", O_RDONLY|O_CLOEXEC) = 3
read(3, "\177ELF\2\1\1\3\0\0\0\0\0\0\0\0\3\0>\0\1\0\0\0\260\34\2\0\0\0\0\0"..., 832) = 832
fstat(3, {st_mode=S_IFREG|0755, st_size=2030544, ...}) = 0
mmap(NULL, 8192, PROT_READ|PROT_WRITE, MAP_PRIVATE|MAP_ANONYMOUS, -1, 0) = 0x7f9a7ad8c000
mmap(NULL, 4131552, PROT_READ|PROT_EXEC, MAP_PRIVATE|MAP_DENYWRITE, 3, 0) = 0x7f9a7a77d000
mprotect(0x7f9a7a964000, 2097152, PROT_NONE) = 0
mmap(0x7f9a7ab64000, 24576, PROT_READ|PROT_WRITE, MAP_PRIVATE|MAP_FIXED|MAP_DENYWRITE, 3, 0x1e7000) = 0x7f9a7ab64000
mmap(0x7f9a7ab6a000, 15072, PROT_READ|PROT_WRITE, MAP_PRIVATE|MAP_FIXED|MAP_ANONYMOUS, -1, 0) = 0x7f9a7ab6a000
close(3)                                = 0
access("/etc/ld.so.nohwcap", F_OK)      = -1 ENOENT (No such file or directory)
openat(AT_FDCWD, "/lib/x86_64-linux-gnu/libpthread.so.0", O_RDONLY|O_CLOEXEC) = 3
read(3, "\177ELF\2\1\1\0\0\0\0\0\0\0\0\0\3\0>\0\1\0\0\0000b\0\0\0\0\0\0"..., 832) = 832
fstat(3, {st_mode=S_IFREG|0755, st_size=144976, ...}) = 0
mmap(NULL, 2221184, PROT_READ|PROT_EXEC, MAP_PRIVATE|MAP_DENYWRITE, 3, 0) = 0x7f9a7a55e000
mprotect(0x7f9a7a578000, 2093056, PROT_NONE) = 0
mmap(0x7f9a7a777000, 8192, PROT_READ|PROT_WRITE, MAP_PRIVATE|MAP_FIXED|MAP_DENYWRITE, 3, 0x19000) = 0x7f9a7a777000
mmap(0x7f9a7a779000, 13440, PROT_READ|PROT_WRITE, MAP_PRIVATE|MAP_FIXED|MAP_ANONYMOUS, -1, 0) = 0x7f9a7a779000
close(3)                                = 0
access("/etc/ld.so.nohwcap", F_OK)      = -1 ENOENT (No such file or directory)
openat(AT_FDCWD, "/lib/x86_64-linux-gnu/libdl.so.2", O_RDONLY|O_CLOEXEC) = 3
read(3, "\177ELF\2\1\1\0\0\0\0\0\0\0\0\0\3\0>\0\1\0\0\0P\16\0\0\0\0\0\0"..., 832) = 832
fstat(3, {st_mode=S_IFREG|0644, st_size=14560, ...}) = 0
mmap(NULL, 2109712, PROT_READ|PROT_EXEC, MAP_PRIVATE|MAP_DENYWRITE, 3, 0) = 0x7f9a7a35a000
mprotect(0x7f9a7a35d000, 2093056, PROT_NONE) = 0
mmap(0x7f9a7a55c000, 8192, PROT_READ|PROT_WRITE, MAP_PRIVATE|MAP_FIXED|MAP_DENYWRITE, 3, 0x2000) = 0x7f9a7a55c000
close(3)                                = 0
access("/etc/ld.so.nohwcap", F_OK)      = -1 ENOENT (No such file or directory)
openat(AT_FDCWD, "/lib/x86_64-linux-gnu/libutil.so.1", O_RDONLY|O_CLOEXEC) = 3
read(3, "\177ELF\2\1\1\0\0\0\0\0\0\0\0\0\3\0>\0\1\0\0\0p\16\0\0\0\0\0\0"..., 832) = 832
fstat(3, {st_mode=S_IFREG|0644, st_size=10592, ...}) = 0
mmap(NULL, 2105616, PROT_READ|PROT_EXEC, MAP_PRIVATE|MAP_DENYWRITE, 3, 0) = 0x7f9a7a157000
mprotect(0x7f9a7a159000, 2093056, PROT_NONE) = 0
mmap(0x7f9a7a358000, 8192, PROT_READ|PROT_WRITE, MAP_PRIVATE|MAP_FIXED|MAP_DENYWRITE, 3, 0x1000) = 0x7f9a7a358000
close(3)                                = 0
access("/etc/ld.so.nohwcap", F_OK)      = -1 ENOENT (No such file or directory)
openat(AT_FDCWD, "/lib/x86_64-linux-gnu/libexpat.so.1", O_RDONLY|O_CLOEXEC) = 3
read(3, "\177ELF\2\1\1\0\0\0\0\0\0\0\0\0\3\0>\0\1\0\0\0@8\0\0\0\0\0\0"..., 832) = 832
fstat(3, {st_mode=S_IFREG|0644, st_size=202880, ...}) = 0
mmap(NULL, 2298016, PROT_READ|PROT_EXEC, MAP_PRIVATE|MAP_DENYWRITE, 3, 0) = 0x7f9a79f25000
mprotect(0x7f9a79f54000, 2097152, PROT_NONE) = 0
mmap(0x7f9a7a154000, 12288, PROT_READ|PROT_WRITE, MAP_PRIVATE|MAP_FIXED|MAP_DENYWRITE, 3, 0x2f000) = 0x7f9a7a154000
close(3)                                = 0
access("/etc/ld.so.nohwcap", F_OK)      = -1 ENOENT (No such file or directory)
openat(AT_FDCWD, "/lib/x86_64-linux-gnu/libz.so.1", O_RDONLY|O_CLOEXEC) = 3
read(3, "\177ELF\2\1\1\0\0\0\0\0\0\0\0\0\3\0>\0\1\0\0\0\220\37\0\0\0\0\0\0"..., 832) = 832
fstat(3, {st_mode=S_IFREG|0644, st_size=116960, ...}) = 0
mmap(NULL, 2212016, PROT_READ|PROT_EXEC, MAP_PRIVATE|MAP_DENYWRITE, 3, 0) = 0x7f9a79d08000
mprotect(0x7f9a79d24000, 2093056, PROT_NONE) = 0
mmap(0x7f9a79f23000, 8192, PROT_READ|PROT_WRITE, MAP_PRIVATE|MAP_FIXED|MAP_DENYWRITE, 3, 0x1b000) = 0x7f9a79f23000
close(3)                                = 0
access("/etc/ld.so.nohwcap", F_OK)      = -1 ENOENT (No such file or directory)
openat(AT_FDCWD, "/lib/x86_64-linux-gnu/libm.so.6", O_RDONLY|O_CLOEXEC) = 3
read(3, "\177ELF\2\1\1\3\0\0\0\0\0\0\0\0\3\0>\0\1\0\0\0\200\272\0\0\0\0\0\0"..., 832) = 832
fstat(3, {st_mode=S_IFREG|0644, st_size=1700792, ...}) = 0
mmap(NULL, 8192, PROT_READ|PROT_WRITE, MAP_PRIVATE|MAP_ANONYMOUS, -1, 0) = 0x7f9a7ad8a000
mmap(NULL, 3789144, PROT_READ|PROT_EXEC, MAP_PRIVATE|MAP_DENYWRITE, 3, 0) = 0x7f9a7996a000
mprotect(0x7f9a79b07000, 2093056, PROT_NONE) = 0
mmap(0x7f9a79d06000, 8192, PROT_READ|PROT_WRITE, MAP_PRIVATE|MAP_FIXED|MAP_DENYWRITE, 3, 0x19c000) = 0x7f9a79d06000
close(3)                                = 0
mmap(NULL, 12288, PROT_READ|PROT_WRITE, MAP_PRIVATE|MAP_ANONYMOUS, -1, 0) = 0x7f9a7ad87000
arch_prctl(ARCH_SET_FS, 0x7f9a7ad87740) = 0
mprotect(0x7f9a7ab64000, 16384, PROT_READ) = 0
mprotect(0x7f9a79d06000, 4096, PROT_READ) = 0
mprotect(0x7f9a79f23000, 4096, PROT_READ) = 0
mprotect(0x7f9a7a154000, 8192, PROT_READ) = 0
mprotect(0x7f9a7a358000, 4096, PROT_READ) = 0
mprotect(0x7f9a7a55c000, 4096, PROT_READ) = 0
mprotect(0x7f9a7a777000, 4096, PROT_READ) = 0
mprotect(0x9b2000, 4096, PROT_READ)     = 0
mprotect(0x7f9a7ad95000, 4096, PROT_READ) = 0
munmap(0x7f9a7ad8e000, 26620)           = 0
set_tid_address(0x7f9a7ad87a10)         = 6240
set_robust_list(0x7f9a7ad87a20, 24)     = 0
rt_sigaction(SIGRTMIN, {sa_handler=0x7f9a7a563cb0, sa_mask=[], sa_flags=SA_RESTORER|SA_SIGINFO, sa_restorer=0x7f9a7a570890}, NULL, 8) = 0
rt_sigaction(SIGRT_1, {sa_handler=0x7f9a7a563d50, sa_mask=[], sa_flags=SA_RESTORER|SA_RESTART|SA_SIGINFO, sa_restorer=0x7f9a7a570890}, NULL, 8) = 0
rt_sigprocmask(SIG_UNBLOCK, [RTMIN RT_1], NULL, 8) = 0
prlimit64(0, RLIMIT_STACK, NULL, {rlim_cur=8192*1024, rlim_max=RLIM64_INFINITY}) = 0
brk(NULL)                               = 0x19d7000
brk(0x19f8000)                          = 0x19f8000
openat(AT_FDCWD, "/usr/lib/locale/locale-archive", O_RDONLY|O_CLOEXEC) = 3
fstat(3, {st_mode=S_IFREG|0644, st_size=1683056, ...}) = 0
mmap(NULL, 1683056, PROT_READ, MAP_PRIVATE, 3, 0) = 0x7f9a7abec000
close(3)                                = 0
openat(AT_FDCWD, "/usr/share/locale/locale.alias", O_RDONLY|O_CLOEXEC) = 3
fstat(3, {st_mode=S_IFREG|0644, st_size=2995, ...}) = 0
read(3, "# Locale name alias data base.\n#"..., 4096) = 2995
read(3, "", 4096)                       = 0
close(3)                                = 0
openat(AT_FDCWD, "/usr/lib/locale/C.UTF-8/LC_IDENTIFICATION", O_RDONLY|O_CLOEXEC) = 3
fstat(3, {st_mode=S_IFREG|0644, st_size=252, ...}) = 0
mmap(NULL, 252, PROT_READ, MAP_PRIVATE, 3, 0) = 0x7f9a7ad94000
close(3)                                = 0
openat(AT_FDCWD, "/usr/lib/x86_64-linux-gnu/gconv/gconv-modules.cache", O_RDONLY) = 3
fstat(3, {st_mode=S_IFREG|0644, st_size=26376, ...}) = 0
mmap(NULL, 26376, PROT_READ, MAP_SHARED, 3, 0) = 0x7f9a7abe5000
close(3)                                = 0
futex(0x7f9a7ab69a08, FUTEX_WAKE_PRIVATE, 2147483647) = 0
openat(AT_FDCWD, "/usr/lib/locale/C.UTF-8/LC_MEASUREMENT", O_RDONLY|O_CLOEXEC) = 3
fstat(3, {st_mode=S_IFREG|0644, st_size=23, ...}) = 0
mmap(NULL, 23, PROT_READ, MAP_PRIVATE, 3, 0) = 0x7f9a7ad93000
close(3)                                = 0
openat(AT_FDCWD, "/usr/lib/locale/C.UTF-8/LC_TELEPHONE", O_RDONLY|O_CLOEXEC) = 3
fstat(3, {st_mode=S_IFREG|0644, st_size=47, ...}) = 0
mmap(NULL, 47, PROT_READ, MAP_PRIVATE, 3, 0) = 0x7f9a7ad92000
close(3)                                = 0
openat(AT_FDCWD, "/usr/lib/locale/C.UTF-8/LC_ADDRESS", O_RDONLY|O_CLOEXEC) = 3
fstat(3, {st_mode=S_IFREG|0644, st_size=131, ...}) = 0
mmap(NULL, 131, PROT_READ, MAP_PRIVATE, 3, 0) = 0x7f9a7ad91000
close(3)                                = 0
openat(AT_FDCWD, "/usr/lib/locale/C.UTF-8/LC_NAME", O_RDONLY|O_CLOEXEC) = 3
fstat(3, {st_mode=S_IFREG|0644, st_size=62, ...}) = 0
mmap(NULL, 62, PROT_READ, MAP_PRIVATE, 3, 0) = 0x7f9a7ad90000
close(3)                                = 0
openat(AT_FDCWD, "/usr/lib/locale/C.UTF-8/LC_PAPER", O_RDONLY|O_CLOEXEC) = 3
fstat(3, {st_mode=S_IFREG|0644, st_size=34, ...}) = 0
mmap(NULL, 34, PROT_READ, MAP_PRIVATE, 3, 0) = 0x7f9a7ad8f000
close(3)                                = 0
openat(AT_FDCWD, "/usr/lib/locale/C.UTF-8/LC_MESSAGES", O_RDONLY|O_CLOEXEC) = 3
fstat(3, {st_mode=S_IFDIR|0755, st_size=4096, ...}) = 0
close(3)                                = 0
openat(AT_FDCWD, "/usr/lib/locale/C.UTF-8/LC_MESSAGES/SYS_LC_MESSAGES", O_RDONLY|O_CLOEXEC) = 3
fstat(3, {st_mode=S_IFREG|0644, st_size=48, ...}) = 0
mmap(NULL, 48, PROT_READ, MAP_PRIVATE, 3, 0) = 0x7f9a7ad8e000
close(3)                                = 0
openat(AT_FDCWD, "/usr/lib/locale/C.UTF-8/LC_MONETARY", O_RDONLY|O_CLOEXEC) = 3
fstat(3, {st_mode=S_IFREG|0644, st_size=270, ...}) = 0
mmap(NULL, 270, PROT_READ, MAP_PRIVATE, 3, 0) = 0x7f9a7abe4000
close(3)                                = 0
openat(AT_FDCWD, "/usr/lib/locale/C.UTF-8/LC_COLLATE", O_RDONLY|O_CLOEXEC) = 3
fstat(3, {st_mode=S_IFREG|0644, st_size=1516558, ...}) = 0
mmap(NULL, 1516558, PROT_READ, MAP_PRIVATE, 3, 0) = 0x7f9a797f7000
close(3)                                = 0
openat(AT_FDCWD, "/usr/lib/locale/C.UTF-8/LC_TIME", O_RDONLY|O_CLOEXEC) = 3
fstat(3, {st_mode=S_IFREG|0644, st_size=3360, ...}) = 0
mmap(NULL, 3360, PROT_READ, MAP_PRIVATE, 3, 0) = 0x7f9a7abe3000
close(3)                                = 0
openat(AT_FDCWD, "/usr/lib/locale/C.UTF-8/LC_NUMERIC", O_RDONLY|O_CLOEXEC) = 3
fstat(3, {st_mode=S_IFREG|0644, st_size=50, ...}) = 0
mmap(NULL, 50, PROT_READ, MAP_PRIVATE, 3, 0) = 0x7f9a7abe2000
close(3)                                = 0
openat(AT_FDCWD, "/usr/lib/locale/C.UTF-8/LC_CTYPE", O_RDONLY|O_CLOEXEC) = 3
fstat(3, {st_mode=S_IFREG|0644, st_size=199772, ...}) = 0
mmap(NULL, 199772, PROT_READ, MAP_PRIVATE, 3, 0) = 0x7f9a7abb1000
close(3)                                = 0
getrandom("\xa3\x11\x82\x91\x39\x17\xaf\xec\x2b\x26\xcf\x12\xce\xf5\xf7\x67\xd7\x21\xd7\x94\x91\x2a\x06\x1a", 24, GRND_NONBLOCK) = 24
ioctl(0, TCGETS, {B38400 opost isig icanon echo ...}) = 0
mmap(NULL, 262144, PROT_READ|PROT_WRITE, MAP_PRIVATE|MAP_ANONYMOUS, -1, 0) = 0x7f9a797b7000
mmap(NULL, 262144, PROT_READ|PROT_WRITE, MAP_PRIVATE|MAP_ANONYMOUS, -1, 0) = 0x7f9a79777000
munmap(0x7f9a79777000, 262144)          = 0
mmap(NULL, 262144, PROT_READ|PROT_WRITE, MAP_PRIVATE|MAP_ANONYMOUS, -1, 0) = 0x7f9a79777000
fstat(0, {st_mode=S_IFCHR|0620, st_rdev=makedev(136, 1), ...}) = 0
stat("/usr/local/sbin/python3", 0x7ffc8935b710) = -1 ENOENT (No such file or directory)
stat("/usr/local/bin/python3", 0x7ffc8935b710) = -1 ENOENT (No such file or directory)
stat("/usr/sbin/python3", 0x7ffc8935b710) = -1 ENOENT (No such file or directory)
stat("/usr/bin/python3", {st_mode=S_IFREG|0755, st_size=4522328, ...}) = 0
readlink("/usr/bin/python3", "python3.6", 4096) = 9
readlink("/usr/bin/python3.6", 0x7ffc89350660, 4096) = -1 EINVAL (Invalid argument)
openat(AT_FDCWD, "/usr/bin/pyvenv.cfg", O_RDONLY) = -1 ENOENT (No such file or directory)
openat(AT_FDCWD, "/usr/pyvenv.cfg", O_RDONLY) = -1 ENOENT (No such file or directory)
stat("/usr/bin/Modules/Setup", 0x7ffc8935b710) = -1 ENOENT (No such file or directory)
stat("/usr/bin/lib/python3.6/os.py", 0x7ffc893515f0) = -1 ENOENT (No such file or directory)
stat("/usr/bin/lib/python3.6/os.pyc", 0x7ffc893515f0) = -1 ENOENT (No such file or directory)
stat("/usr/lib/python3.6/os.py", {st_mode=S_IFREG|0644, st_size=37526, ...}) = 0
stat("/usr/bin/pybuilddir.txt", 0x7ffc8935b710) = -1 ENOENT (No such file or directory)
stat("/usr/bin/lib/python3.6/lib-dynload", 0x7ffc8935b710) = -1 ENOENT (No such file or directory)
stat("/usr/lib/python3.6/lib-dynload", {st_mode=S_IFDIR|0755, st_size=4096, ...}) = 0
brk(0x1a1e000)                          = 0x1a1e000
mmap(NULL, 262144, PROT_READ|PROT_WRITE, MAP_PRIVATE|MAP_ANONYMOUS, -1, 0) = 0x7f9a79737000
sysinfo({uptime=1263, loads=[896, 480, 0], totalram=3872571392, freeram=3064086528, sharedram=892928, bufferram=41066496, totalswap=0, freeswap=0, procs=115, totalhigh=0, freehigh=0, mem_unit=1}) = 0
brk(0x1a3f000)                          = 0x1a3f000
sigaltstack({ss_sp=0x19f8750, ss_flags=0, ss_size=8192}, {ss_sp=NULL, ss_flags=SS_DISABLE, ss_size=0}) = 0
stat("/usr/lib/python36.zip", 0x7ffc89362110) = -1 ENOENT (No such file or directory)
stat("/usr/lib", {st_mode=S_IFDIR|0755, st_size=4096, ...}) = 0
stat("/usr/lib/python36.zip", 0x7ffc893618b0) = -1 ENOENT (No such file or directory)
stat("/usr/lib/python3.6", {st_mode=S_IFDIR|0755, st_size=4096, ...}) = 0
stat("/usr/lib/python3.6", {st_mode=S_IFDIR|0755, st_size=4096, ...}) = 0
stat("/usr/lib/python3.6", {st_mode=S_IFDIR|0755, st_size=4096, ...}) = 0
openat(AT_FDCWD, "/usr/lib/python3.6", O_RDONLY|O_NONBLOCK|O_CLOEXEC|O_DIRECTORY) = 3
fstat(3, {st_mode=S_IFDIR|0755, st_size=4096, ...}) = 0
getdents(3, /* 201 entries */, 32768)   = 6688
getdents(3, /* 0 entries */, 32768)     = 0
close(3)                                = 0
mmap(NULL, 262144, PROT_READ|PROT_WRITE, MAP_PRIVATE|MAP_ANONYMOUS, -1, 0) = 0x7f9a796f7000
munmap(0x7f9a796f7000, 262144)          = 0
stat("/usr/lib/python3.6/encodings/__init__.cpython-36m-x86_64-linux-gnu.so", 0x7ffc89361c90) = -1 ENOENT (No such file or directory)
mmap(NULL, 262144, PROT_READ|PROT_WRITE, MAP_PRIVATE|MAP_ANONYMOUS, -1, 0) = 0x7f9a796f7000
stat("/usr/lib/python3.6/encodings/__init__.abi3.so", 0x7ffc89361c90) = -1 ENOENT (No such file or directory)
munmap(0x7f9a796f7000, 262144)          = 0
stat("/usr/lib/python3.6/encodings/__init__.so", 0x7ffc89361c90) = -1 ENOENT (No such file or directory)
stat("/usr/lib/python3.6/encodings/__init__.py", {st_mode=S_IFREG|0644, st_size=5642, ...}) = 0
mmap(NULL, 262144, PROT_READ|PROT_WRITE, MAP_PRIVATE|MAP_ANONYMOUS, -1, 0) = 0x7f9a796f7000
stat("/usr/lib/python3.6/encodings/__init__.py", {st_mode=S_IFREG|0644, st_size=5642, ...}) = 0
openat(AT_FDCWD, "/usr/lib/python3.6/encodings/__pycache__/__init__.cpython-36.pyc", O_RDONLY|O_CLOEXEC) = 3
fcntl(3, F_GETFD)                       = 0x1 (flags FD_CLOEXEC)
fstat(3, {st_mode=S_IFREG|0644, st_size=3930, ...}) = 0
lseek(3, 0, SEEK_CUR)                   = 0
fstat(3, {st_mode=S_IFREG|0644, st_size=3930, ...}) = 0
read(3, "3\r\r\nA\265\315[\n\26\0\0\343\0\0\0\0\0\0\0\0\0\0\0\0\5\0\0\0@\0\0"..., 3931) = 3930
read(3, "", 1)                          = 0
close(3)                                = 0
stat("/usr/lib/python3.6", {st_mode=S_IFDIR|0755, st_size=4096, ...}) = 0
stat("/usr/lib/python3.6/codecs.py", {st_mode=S_IFREG|0644, st_size=36276, ...}) = 0
stat("/usr/lib/python3.6/codecs.py", {st_mode=S_IFREG|0644, st_size=36276, ...}) = 0
openat(AT_FDCWD, "/usr/lib/python3.6/__pycache__/codecs.cpython-36.pyc", O_RDONLY|O_CLOEXEC) = 3
fstat(3, {st_mode=S_IFREG|0644, st_size=33900, ...}) = 0
lseek(3, 0, SEEK_CUR)                   = 0
fstat(3, {st_mode=S_IFREG|0644, st_size=33900, ...}) = 0
read(3, "3\r\r\nA\265\315[\264\215\0\0\343\0\0\0\0\0\0\0\0\0\0\0\0:\0\0\0@\0\0"..., 33901) = 33900
read(3, "", 1)                          = 0
close(3)                                = 0
stat("/usr/lib/python3.6/encodings", {st_mode=S_IFDIR|0755, st_size=4096, ...}) = 0
stat("/usr/lib/python3.6/encodings", {st_mode=S_IFDIR|0755, st_size=4096, ...}) = 0
stat("/usr/lib/python3.6/encodings", {st_mode=S_IFDIR|0755, st_size=4096, ...}) = 0
openat(AT_FDCWD, "/usr/lib/python3.6/encodings", O_RDONLY|O_NONBLOCK|O_CLOEXEC|O_DIRECTORY) = 3
fstat(3, {st_mode=S_IFDIR|0755, st_size=4096, ...}) = 0
getdents(3, /* 128 entries */, 32768)   = 4336
getdents(3, /* 0 entries */, 32768)     = 0
close(3)                                = 0
stat("/usr/lib/python3.6/encodings/aliases.py", {st_mode=S_IFREG|0644, st_size=15577, ...}) = 0
stat("/usr/lib/python3.6/encodings/aliases.py", {st_mode=S_IFREG|0644, st_size=15577, ...}) = 0
openat(AT_FDCWD, "/usr/lib/python3.6/encodings/__pycache__/aliases.cpython-36.pyc", O_RDONLY|O_CLOEXEC) = 3
fstat(3, {st_mode=S_IFREG|0644, st_size=6274, ...}) = 0
lseek(3, 0, SEEK_CUR)                   = 0
fstat(3, {st_mode=S_IFREG|0644, st_size=6274, ...}) = 0
read(3, "3\r\r\nA\265\315[\331<\0\0\343\0\0\0\0\0\0\0\0\0\0\0\0D\1\0\0@\0\0"..., 6275) = 6274
read(3, "", 1)                          = 0
close(3)                                = 0
stat("/usr/lib/python3.6/encodings", {st_mode=S_IFDIR|0755, st_size=4096, ...}) = 0
stat("/usr/lib/python3.6/encodings/utf_8.py", {st_mode=S_IFREG|0644, st_size=1005, ...}) = 0
stat("/usr/lib/python3.6/encodings/utf_8.py", {st_mode=S_IFREG|0644, st_size=1005, ...}) = 0
openat(AT_FDCWD, "/usr/lib/python3.6/encodings/__pycache__/utf_8.cpython-36.pyc", O_RDONLY|O_CLOEXEC) = 3
fstat(3, {st_mode=S_IFREG|0644, st_size=1592, ...}) = 0
lseek(3, 0, SEEK_CUR)                   = 0
fstat(3, {st_mode=S_IFREG|0644, st_size=1592, ...}) = 0
read(3, "3\r\r\nA\265\315[\355\3\0\0\343\0\0\0\0\0\0\0\0\0\0\0\0\4\0\0\0@\0\0"..., 1593) = 1592
read(3, "", 1)                          = 0
close(3)                                = 0
rt_sigaction(SIGPIPE, {sa_handler=SIG_IGN, sa_mask=[], sa_flags=SA_RESTORER, sa_restorer=0x7f9a7a7bbf20}, {sa_handler=SIG_DFL, sa_mask=[], sa_flags=0}, 8) = 0
rt_sigaction(SIGXFSZ, {sa_handler=SIG_IGN, sa_mask=[], sa_flags=SA_RESTORER, sa_restorer=0x7f9a7a7bbf20}, {sa_handler=SIG_DFL, sa_mask=[], sa_flags=0}, 8) = 0
getpid()                                = 6240
rt_sigaction(SIGHUP, NULL, {sa_handler=SIG_DFL, sa_mask=[], sa_flags=0}, 8) = 0
rt_sigaction(SIGINT, NULL, {sa_handler=SIG_DFL, sa_mask=[], sa_flags=0}, 8) = 0
rt_sigaction(SIGQUIT, NULL, {sa_handler=SIG_DFL, sa_mask=[], sa_flags=0}, 8) = 0
rt_sigaction(SIGILL, NULL, {sa_handler=SIG_DFL, sa_mask=[], sa_flags=0}, 8) = 0
rt_sigaction(SIGTRAP, NULL, {sa_handler=SIG_DFL, sa_mask=[], sa_flags=0}, 8) = 0
rt_sigaction(SIGABRT, NULL, {sa_handler=SIG_DFL, sa_mask=[], sa_flags=0}, 8) = 0
rt_sigaction(SIGBUS, NULL, {sa_handler=SIG_DFL, sa_mask=[], sa_flags=0}, 8) = 0
rt_sigaction(SIGFPE, NULL, {sa_handler=SIG_DFL, sa_mask=[], sa_flags=0}, 8) = 0
rt_sigaction(SIGKILL, NULL, {sa_handler=SIG_DFL, sa_mask=[], sa_flags=0}, 8) = 0
rt_sigaction(SIGUSR1, NULL, {sa_handler=SIG_DFL, sa_mask=[], sa_flags=0}, 8) = 0
rt_sigaction(SIGSEGV, NULL, {sa_handler=SIG_DFL, sa_mask=[], sa_flags=0}, 8) = 0
rt_sigaction(SIGUSR2, NULL, {sa_handler=SIG_DFL, sa_mask=[], sa_flags=0}, 8) = 0
rt_sigaction(SIGPIPE, NULL, {sa_handler=SIG_IGN, sa_mask=[], sa_flags=SA_RESTORER, sa_restorer=0x7f9a7a7bbf20}, 8) = 0
rt_sigaction(SIGALRM, NULL, {sa_handler=SIG_DFL, sa_mask=[], sa_flags=0}, 8) = 0
rt_sigaction(SIGTERM, NULL, {sa_handler=SIG_DFL, sa_mask=[], sa_flags=0}, 8) = 0
rt_sigaction(SIGSTKFLT, NULL, {sa_handler=SIG_DFL, sa_mask=[], sa_flags=0}, 8) = 0
rt_sigaction(SIGCHLD, NULL, {sa_handler=SIG_DFL, sa_mask=[], sa_flags=0}, 8) = 0
rt_sigaction(SIGCONT, NULL, {sa_handler=SIG_DFL, sa_mask=[], sa_flags=0}, 8) = 0
rt_sigaction(SIGSTOP, NULL, {sa_handler=SIG_DFL, sa_mask=[], sa_flags=0}, 8) = 0
rt_sigaction(SIGTSTP, NULL, {sa_handler=SIG_DFL, sa_mask=[], sa_flags=0}, 8) = 0
rt_sigaction(SIGTTIN, NULL, {sa_handler=SIG_DFL, sa_mask=[], sa_flags=0}, 8) = 0
rt_sigaction(SIGTTOU, NULL, {sa_handler=SIG_DFL, sa_mask=[], sa_flags=0}, 8) = 0
rt_sigaction(SIGURG, NULL, {sa_handler=SIG_DFL, sa_mask=[], sa_flags=0}, 8) = 0
rt_sigaction(SIGXCPU, NULL, {sa_handler=SIG_DFL, sa_mask=[], sa_flags=0}, 8) = 0
rt_sigaction(SIGXFSZ, NULL, {sa_handler=SIG_IGN, sa_mask=[], sa_flags=SA_RESTORER, sa_restorer=0x7f9a7a7bbf20}, 8) = 0
rt_sigaction(SIGVTALRM, NULL, {sa_handler=SIG_DFL, sa_mask=[], sa_flags=0}, 8) = 0
rt_sigaction(SIGPROF, NULL, {sa_handler=SIG_DFL, sa_mask=[], sa_flags=0}, 8) = 0
rt_sigaction(SIGWINCH, NULL, {sa_handler=SIG_DFL, sa_mask=[], sa_flags=0}, 8) = 0
rt_sigaction(SIGIO, NULL, {sa_handler=SIG_DFL, sa_mask=[], sa_flags=0}, 8) = 0
rt_sigaction(SIGPWR, NULL, {sa_handler=SIG_DFL, sa_mask=[], sa_flags=0}, 8) = 0
rt_sigaction(SIGSYS, NULL, {sa_handler=SIG_DFL, sa_mask=[], sa_flags=0}, 8) = 0
rt_sigaction(SIGRT_2, NULL, {sa_handler=SIG_DFL, sa_mask=[], sa_flags=0}, 8) = 0
rt_sigaction(SIGRT_3, NULL, {sa_handler=SIG_DFL, sa_mask=[], sa_flags=0}, 8) = 0
rt_sigaction(SIGRT_4, NULL, {sa_handler=SIG_DFL, sa_mask=[], sa_flags=0}, 8) = 0
rt_sigaction(SIGRT_5, NULL, {sa_handler=SIG_DFL, sa_mask=[], sa_flags=0}, 8) = 0
rt_sigaction(SIGRT_6, NULL, {sa_handler=SIG_DFL, sa_mask=[], sa_flags=0}, 8) = 0
rt_sigaction(SIGRT_7, NULL, {sa_handler=SIG_DFL, sa_mask=[], sa_flags=0}, 8) = 0
rt_sigaction(SIGRT_8, NULL, {sa_handler=SIG_DFL, sa_mask=[], sa_flags=0}, 8) = 0
rt_sigaction(SIGRT_9, NULL, {sa_handler=SIG_DFL, sa_mask=[], sa_flags=0}, 8) = 0
rt_sigaction(SIGRT_10, NULL, {sa_handler=SIG_DFL, sa_mask=[], sa_flags=0}, 8) = 0
rt_sigaction(SIGRT_11, NULL, {sa_handler=SIG_DFL, sa_mask=[], sa_flags=0}, 8) = 0
rt_sigaction(SIGRT_12, NULL, {sa_handler=SIG_DFL, sa_mask=[], sa_flags=0}, 8) = 0
rt_sigaction(SIGRT_13, NULL, {sa_handler=SIG_DFL, sa_mask=[], sa_flags=0}, 8) = 0
rt_sigaction(SIGRT_14, NULL, {sa_handler=SIG_DFL, sa_mask=[], sa_flags=0}, 8) = 0
rt_sigaction(SIGRT_15, NULL, {sa_handler=SIG_DFL, sa_mask=[], sa_flags=0}, 8) = 0
rt_sigaction(SIGRT_16, NULL, {sa_handler=SIG_DFL, sa_mask=[], sa_flags=0}, 8) = 0
rt_sigaction(SIGRT_17, NULL, {sa_handler=SIG_DFL, sa_mask=[], sa_flags=0}, 8) = 0
rt_sigaction(SIGRT_18, NULL, {sa_handler=SIG_DFL, sa_mask=[], sa_flags=0}, 8) = 0
rt_sigaction(SIGRT_19, NULL, {sa_handler=SIG_DFL, sa_mask=[], sa_flags=0}, 8) = 0
rt_sigaction(SIGRT_20, NULL, {sa_handler=SIG_DFL, sa_mask=[], sa_flags=0}, 8) = 0
rt_sigaction(SIGRT_21, NULL, {sa_handler=SIG_DFL, sa_mask=[], sa_flags=0}, 8) = 0
rt_sigaction(SIGRT_22, NULL, {sa_handler=SIG_DFL, sa_mask=[], sa_flags=0}, 8) = 0
rt_sigaction(SIGRT_23, NULL, {sa_handler=SIG_DFL, sa_mask=[], sa_flags=0}, 8) = 0
rt_sigaction(SIGRT_24, NULL, {sa_handler=SIG_DFL, sa_mask=[], sa_flags=0}, 8) = 0
rt_sigaction(SIGRT_25, NULL, {sa_handler=SIG_DFL, sa_mask=[], sa_flags=0}, 8) = 0
rt_sigaction(SIGRT_26, NULL, {sa_handler=SIG_DFL, sa_mask=[], sa_flags=0}, 8) = 0
rt_sigaction(SIGRT_27, NULL, {sa_handler=SIG_DFL, sa_mask=[], sa_flags=0}, 8) = 0
rt_sigaction(SIGRT_28, NULL, {sa_handler=SIG_DFL, sa_mask=[], sa_flags=0}, 8) = 0
rt_sigaction(SIGRT_29, NULL, {sa_handler=SIG_DFL, sa_mask=[], sa_flags=0}, 8) = 0
rt_sigaction(SIGRT_30, NULL, {sa_handler=SIG_DFL, sa_mask=[], sa_flags=0}, 8) = 0
rt_sigaction(SIGRT_31, NULL, {sa_handler=SIG_DFL, sa_mask=[], sa_flags=0}, 8) = 0
rt_sigaction(SIGRT_32, NULL, {sa_handler=SIG_DFL, sa_mask=[], sa_flags=0}, 8) = 0
rt_sigaction(SIGINT, {sa_handler=0x62ff10, sa_mask=[], sa_flags=SA_RESTORER, sa_restorer=0x7f9a7a7bbf20}, {sa_handler=SIG_DFL, sa_mask=[], sa_flags=0}, 8) = 0
stat("/usr/lib/python3.6/encodings", {st_mode=S_IFDIR|0755, st_size=4096, ...}) = 0
stat("/usr/lib/python3.6/encodings/latin_1.py", {st_mode=S_IFREG|0644, st_size=1264, ...}) = 0
stat("/usr/lib/python3.6/encodings/latin_1.py", {st_mode=S_IFREG|0644, st_size=1264, ...}) = 0
openat(AT_FDCWD, "/usr/lib/python3.6/encodings/__pycache__/latin_1.cpython-36.pyc", O_RDONLY|O_CLOEXEC) = 3
fstat(3, {st_mode=S_IFREG|0644, st_size=1874, ...}) = 0
lseek(3, 0, SEEK_CUR)                   = 0
fstat(3, {st_mode=S_IFREG|0644, st_size=1874, ...}) = 0
read(3, "3\r\r\nA\265\315[\360\4\0\0\343\0\0\0\0\0\0\0\0\0\0\0\0\5\0\0\0@\0\0"..., 1875) = 1874
read(3, "", 1)                          = 0
close(3)                                = 0
stat("/usr/lib/python3.6", {st_mode=S_IFDIR|0755, st_size=4096, ...}) = 0
stat("/usr/lib/python3.6/io.py", {st_mode=S_IFREG|0644, st_size=3517, ...}) = 0
stat("/usr/lib/python3.6/io.py", {st_mode=S_IFREG|0644, st_size=3517, ...}) = 0
openat(AT_FDCWD, "/usr/lib/python3.6/__pycache__/io.cpython-36.pyc", O_RDONLY|O_CLOEXEC) = 3
fstat(3, {st_mode=S_IFREG|0644, st_size=3387, ...}) = 0
lseek(3, 0, SEEK_CUR)                   = 0
fstat(3, {st_mode=S_IFREG|0644, st_size=3387, ...}) = 0
read(3, "3\r\r\nA\265\315[\275\r\0\0\343\0\0\0\0\0\0\0\0\0\0\0\0\22\0\0\0@\0\0"..., 3388) = 3387
read(3, "", 1)                          = 0
close(3)                                = 0
stat("/usr/lib/python3.6", {st_mode=S_IFDIR|0755, st_size=4096, ...}) = 0
stat("/usr/lib/python3.6/abc.py", {st_mode=S_IFREG|0644, st_size=8727, ...}) = 0
stat("/usr/lib/python3.6/abc.py", {st_mode=S_IFREG|0644, st_size=8727, ...}) = 0
openat(AT_FDCWD, "/usr/lib/python3.6/__pycache__/abc.cpython-36.pyc", O_RDONLY|O_CLOEXEC) = 3
fstat(3, {st_mode=S_IFREG|0644, st_size=7515, ...}) = 0
lseek(3, 0, SEEK_CUR)                   = 0
fstat(3, {st_mode=S_IFREG|0644, st_size=7515, ...}) = 0
read(3, "3\r\r\nA\265\315[\27\"\0\0\343\0\0\0\0\0\0\0\0\0\0\0\0\5\0\0\0@\0\0"..., 7516) = 7515
read(3, "", 1)                          = 0
close(3)                                = 0
stat("/usr/lib/python3.6", {st_mode=S_IFDIR|0755, st_size=4096, ...}) = 0
stat("/usr/lib/python3.6/_weakrefset.py", {st_mode=S_IFREG|0644, st_size=5705, ...}) = 0
stat("/usr/lib/python3.6/_weakrefset.py", {st_mode=S_IFREG|0644, st_size=5705, ...}) = 0
openat(AT_FDCWD, "/usr/lib/python3.6/__pycache__/_weakrefset.cpython-36.pyc", O_RDONLY|O_CLOEXEC) = 3
fstat(3, {st_mode=S_IFREG|0644, st_size=7828, ...}) = 0
lseek(3, 0, SEEK_CUR)                   = 0
fstat(3, {st_mode=S_IFREG|0644, st_size=7828, ...}) = 0
read(3, "3\r\r\nA\265\315[I\26\0\0\343\0\0\0\0\0\0\0\0\0\0\0\0\3\0\0\0@\0\0"..., 7829) = 7828
read(3, "", 1)                          = 0
close(3)                                = 0
dup(0)                                  = 3
close(3)                                = 0
fstat(0, {st_mode=S_IFCHR|0620, st_rdev=makedev(136, 1), ...}) = 0
ioctl(0, TCGETS, {B38400 opost isig icanon echo ...}) = 0
lseek(0, 0, SEEK_CUR)                   = -1 ESPIPE (Illegal seek)
ioctl(0, TCGETS, {B38400 opost isig icanon echo ...}) = 0
ioctl(0, TCGETS, {B38400 opost isig icanon echo ...}) = 0
lseek(0, 0, SEEK_CUR)                   = -1 ESPIPE (Illegal seek)
dup(1)                                  = 3
close(3)                                = 0
fstat(1, {st_mode=S_IFCHR|0620, st_rdev=makedev(136, 1), ...}) = 0
ioctl(1, TCGETS, {B38400 opost isig icanon echo ...}) = 0
lseek(1, 0, SEEK_CUR)                   = -1 ESPIPE (Illegal seek)
ioctl(1, TCGETS, {B38400 opost isig icanon echo ...}) = 0
ioctl(1, TCGETS, {B38400 opost isig icanon echo ...}) = 0
lseek(1, 0, SEEK_CUR)                   = -1 ESPIPE (Illegal seek)
dup(2)                                  = 3
close(3)                                = 0
fstat(2, {st_mode=S_IFCHR|0620, st_rdev=makedev(136, 1), ...}) = 0
ioctl(2, TCGETS, {B38400 opost isig icanon echo ...}) = 0
lseek(2, 0, SEEK_CUR)                   = -1 ESPIPE (Illegal seek)
ioctl(2, TCGETS, {B38400 opost isig icanon echo ...}) = 0
ioctl(2, TCGETS, {B38400 opost isig icanon echo ...}) = 0
lseek(2, 0, SEEK_CUR)                   = -1 ESPIPE (Illegal seek)
stat("/usr/lib/python3.6", {st_mode=S_IFDIR|0755, st_size=4096, ...}) = 0
stat("/usr/lib/python3.6/site.py", {st_mode=S_IFREG|0644, st_size=21766, ...}) = 0
stat("/usr/lib/python3.6/site.py", {st_mode=S_IFREG|0644, st_size=21766, ...}) = 0
openat(AT_FDCWD, "/usr/lib/python3.6/__pycache__/site.cpython-36.pyc", O_RDONLY|O_CLOEXEC) = 3
fstat(3, {st_mode=S_IFREG|0644, st_size=16560, ...}) = 0
lseek(3, 0, SEEK_CUR)                   = 0
fstat(3, {st_mode=S_IFREG|0644, st_size=16560, ...}) = 0
brk(0x1a60000)                          = 0x1a60000
read(3, "3\r\r\nA\265\315[\6U\0\0\343\0\0\0\0\0\0\0\0\0\0\0\0\3\0\0\0@\0\0"..., 16561) = 16560
read(3, "", 1)                          = 0
close(3)                                = 0
mmap(NULL, 262144, PROT_READ|PROT_WRITE, MAP_PRIVATE|MAP_ANONYMOUS, -1, 0) = 0x7f9a796b7000
stat("/usr/lib/python3.6", {st_mode=S_IFDIR|0755, st_size=4096, ...}) = 0
stat("/usr/lib/python3.6/os.py", {st_mode=S_IFREG|0644, st_size=37526, ...}) = 0
stat("/usr/lib/python3.6/os.py", {st_mode=S_IFREG|0644, st_size=37526, ...}) = 0
openat(AT_FDCWD, "/usr/lib/python3.6/__pycache__/os.cpython-36.pyc", O_RDONLY|O_CLOEXEC) = 3
fstat(3, {st_mode=S_IFREG|0644, st_size=29628, ...}) = 0
lseek(3, 0, SEEK_CUR)                   = 0
fstat(3, {st_mode=S_IFREG|0644, st_size=29628, ...}) = 0
read(3, "3\r\r\nA\265\315[\226\222\0\0\343\0\0\0\0\0\0\0\0\0\0\0\0000\0\0\0@\0\0"..., 29629) = 29628
read(3, "", 1)                          = 0
close(3)                                = 0
stat("/usr/lib/python3.6", {st_mode=S_IFDIR|0755, st_size=4096, ...}) = 0
stat("/usr/lib/python3.6/stat.py", {st_mode=S_IFREG|0644, st_size=5038, ...}) = 0
stat("/usr/lib/python3.6/stat.py", {st_mode=S_IFREG|0644, st_size=5038, ...}) = 0
openat(AT_FDCWD, "/usr/lib/python3.6/__pycache__/stat.cpython-36.pyc", O_RDONLY|O_CLOEXEC) = 3
fstat(3, {st_mode=S_IFREG|0644, st_size=3851, ...}) = 0
lseek(3, 0, SEEK_CUR)                   = 0
fstat(3, {st_mode=S_IFREG|0644, st_size=3851, ...}) = 0
read(3, "3\r\r\nA\265\315[\256\23\0\0\343\0\0\0\0\0\0\0\0\0\0\0\0\r\0\0\0@\0\0"..., 3852) = 3851
read(3, "", 1)                          = 0
close(3)                                = 0
stat("/usr/lib/python3.6", {st_mode=S_IFDIR|0755, st_size=4096, ...}) = 0
stat("/usr/lib/python3.6/posixpath.py", {st_mode=S_IFREG|0644, st_size=15414, ...}) = 0
stat("/usr/lib/python3.6/posixpath.py", {st_mode=S_IFREG|0644, st_size=15414, ...}) = 0
openat(AT_FDCWD, "/usr/lib/python3.6/__pycache__/posixpath.cpython-36.pyc", O_RDONLY|O_CLOEXEC) = 3
fstat(3, {st_mode=S_IFREG|0644, st_size=10389, ...}) = 0
lseek(3, 0, SEEK_CUR)                   = 0
fstat(3, {st_mode=S_IFREG|0644, st_size=10389, ...}) = 0
read(3, "3\r\r\nA\265\315[6<\0\0\343\0\0\0\0\0\0\0\0\0\0\0\0&\0\0\0@\0\0"..., 10390) = 10389
read(3, "", 1)                          = 0
close(3)                                = 0
stat("/usr/lib/python3.6", {st_mode=S_IFDIR|0755, st_size=4096, ...}) = 0
stat("/usr/lib/python3.6/genericpath.py", {st_mode=S_IFREG|0644, st_size=4756, ...}) = 0
stat("/usr/lib/python3.6/genericpath.py", {st_mode=S_IFREG|0644, st_size=4756, ...}) = 0
openat(AT_FDCWD, "/usr/lib/python3.6/__pycache__/genericpath.cpython-36.pyc", O_RDONLY|O_CLOEXEC) = 3
fstat(3, {st_mode=S_IFREG|0644, st_size=3726, ...}) = 0
lseek(3, 0, SEEK_CUR)                   = 0
fstat(3, {st_mode=S_IFREG|0644, st_size=3726, ...}) = 0
read(3, "3\r\r\nA\265\315[\224\22\0\0\343\0\0\0\0\0\0\0\0\0\0\0\0\v\0\0\0@\0\0"..., 3727) = 3726
read(3, "", 1)                          = 0
close(3)                                = 0
stat("/usr/lib/python3.6", {st_mode=S_IFDIR|0755, st_size=4096, ...}) = 0
stat("/usr/lib/python3.6/_collections_abc.py", {st_mode=S_IFREG|0644, st_size=26392, ...}) = 0
stat("/usr/lib/python3.6/_collections_abc.py", {st_mode=S_IFREG|0644, st_size=26392, ...}) = 0
openat(AT_FDCWD, "/usr/lib/python3.6/__pycache__/_collections_abc.cpython-36.pyc", O_RDONLY|O_CLOEXEC) = 3
fstat(3, {st_mode=S_IFREG|0644, st_size=28797, ...}) = 0
lseek(3, 0, SEEK_CUR)                   = 0
fstat(3, {st_mode=S_IFREG|0644, st_size=28797, ...}) = 0
read(3, "3\r\r\nA\265\315[\30g\0\0\343\0\0\0\0\0\0\0\0\0\0\0\0\31\0\0\0@\0\0"..., 28798) = 28797
read(3, "", 1)                          = 0
close(3)                                = 0
mmap(NULL, 151552, PROT_READ|PROT_WRITE, MAP_PRIVATE|MAP_ANONYMOUS, -1, 0) = 0x7f9a79692000
mmap(NULL, 262144, PROT_READ|PROT_WRITE, MAP_PRIVATE|MAP_ANONYMOUS, -1, 0) = 0x7f9a79652000
stat("/usr/lib/python3.6", {st_mode=S_IFDIR|0755, st_size=4096, ...}) = 0
stat("/usr/lib/python3.6/_sitebuiltins.py", {st_mode=S_IFREG|0644, st_size=3115, ...}) = 0
stat("/usr/lib/python3.6/_sitebuiltins.py", {st_mode=S_IFREG|0644, st_size=3115, ...}) = 0
openat(AT_FDCWD, "/usr/lib/python3.6/__pycache__/_sitebuiltins.cpython-36.pyc", O_RDONLY|O_CLOEXEC) = 3
fstat(3, {st_mode=S_IFREG|0644, st_size=3435, ...}) = 0
lseek(3, 0, SEEK_CUR)                   = 0
fstat(3, {st_mode=S_IFREG|0644, st_size=3435, ...}) = 0
read(3, "3\r\r\nA\265\315[+\f\0\0\343\0\0\0\0\0\0\0\0\0\0\0\0\4\0\0\0@\0\0"..., 3436) = 3435
read(3, "", 1)                          = 0
close(3)                                = 0
stat("/usr/bin/pyvenv.cfg", 0x7ffc89361d10) = -1 ENOENT (No such file or directory)
stat("/usr/pyvenv.cfg", 0x7ffc89361d10) = -1 ENOENT (No such file or directory)
geteuid()                               = 1001
getuid()                                = 1001
getegid()                               = 1002
getgid()                                = 1002
stat("/usr/lib/python3.6", {st_mode=S_IFDIR|0755, st_size=4096, ...}) = 0
stat("/usr/lib/python3.6/sysconfig.py", {st_mode=S_IFREG|0644, st_size=25057, ...}) = 0
stat("/usr/lib/python3.6/sysconfig.py", {st_mode=S_IFREG|0644, st_size=25057, ...}) = 0
openat(AT_FDCWD, "/usr/lib/python3.6/__pycache__/sysconfig.cpython-36.pyc", O_RDONLY|O_CLOEXEC) = 3
fstat(3, {st_mode=S_IFREG|0644, st_size=15916, ...}) = 0
lseek(3, 0, SEEK_CUR)                   = 0
fstat(3, {st_mode=S_IFREG|0644, st_size=15916, ...}) = 0
read(3, "3\r\r\nA\265\315[\341a\0\0\343\0\0\0\0\0\0\0\0\0\0\0\0\r\0\0\0@\0\0"..., 15917) = 15916
read(3, "", 1)                          = 0
close(3)                                = 0
lstat("/usr", {st_mode=S_IFDIR|0755, st_size=4096, ...}) = 0
lstat("/usr/bin", {st_mode=S_IFDIR|0755, st_size=20480, ...}) = 0
lstat("/usr/bin/python3", {st_mode=S_IFLNK|0777, st_size=9, ...}) = 0
readlink("/usr/bin/python3", "python3.6", 4096) = 9
lstat("/usr/bin/python3.6", {st_mode=S_IFREG|0755, st_size=4522328, ...}) = 0
stat("/usr/bin/Modules/Setup.dist", 0x7ffc89360800) = -1 ENOENT (No such file or directory)
stat("/usr/bin/Modules/Setup.local", 0x7ffc89360800) = -1 ENOENT (No such file or directory)
stat("/usr/lib/python3.6", {st_mode=S_IFDIR|0755, st_size=4096, ...}) = 0
stat("/usr/lib/python3.6/_sysconfigdata_m_linux_x86_64-linux-gnu.py", {st_mode=S_IFREG|0644, st_size=22366, ...}) = 0
stat("/usr/lib/python3.6/_sysconfigdata_m_linux_x86_64-linux-gnu.py", {st_mode=S_IFREG|0644, st_size=22366, ...}) = 0
openat(AT_FDCWD, "/usr/lib/python3.6/__pycache__/_sysconfigdata_m_linux_x86_64-linux-gnu.cpython-36.pyc", O_RDONLY|O_CLOEXEC) = 3
fstat(3, {st_mode=S_IFREG|0644, st_size=18819, ...}) = 0
lseek(3, 0, SEEK_CUR)                   = 0
fstat(3, {st_mode=S_IFREG|0644, st_size=18819, ...}) = 0
read(3, "3\r\r\nA\265\315[^W\0\0\343\0\0\0\0\0\0\0\0\0\0\0\0\204\2\0\0@\0\0"..., 18820) = 18819
read(3, "", 1)                          = 0
close(3)                                = 0
brk(0x1a82000)                          = 0x1a82000
brk(0x1a7d000)                          = 0x1a7d000
lstat("/usr", {st_mode=S_IFDIR|0755, st_size=4096, ...}) = 0
lstat("/usr/lib", {st_mode=S_IFDIR|0755, st_size=4096, ...}) = 0
lstat("/usr/lib/python3.6", {st_mode=S_IFDIR|0755, st_size=4096, ...}) = 0
lstat("/usr/lib/python3.6/config-3.6m-x86_64-linux-gnu", {st_mode=S_IFDIR|0755, st_size=4096, ...}) = 0
stat("/home/hazuhi/.local/lib/python3.6/site-packages", 0x7ffc89362030) = -1 ENOENT (No such file or directory)
stat("/usr/local/lib/python3.6/dist-packages", {st_mode=S_IFDIR|S_ISGID|0775, st_size=4096, ...}) = 0
openat(AT_FDCWD, "/usr/local/lib/python3.6/dist-packages", O_RDONLY|O_NONBLOCK|O_CLOEXEC|O_DIRECTORY) = 3
fstat(3, {st_mode=S_IFDIR|S_ISGID|0775, st_size=4096, ...}) = 0
getdents(3, /* 2 entries */, 32768)     = 48
getdents(3, /* 0 entries */, 32768)     = 0
close(3)                                = 0
stat("/usr/lib/python3/dist-packages", {st_mode=S_IFDIR|0755, st_size=4096, ...}) = 0
openat(AT_FDCWD, "/usr/lib/python3/dist-packages", O_RDONLY|O_NONBLOCK|O_CLOEXEC|O_DIRECTORY) = 3
fstat(3, {st_mode=S_IFDIR|0755, st_size=4096, ...}) = 0
getdents(3, /* 135 entries */, 32768)   = 5520
getdents(3, /* 0 entries */, 32768)     = 0
close(3)                                = 0
openat(AT_FDCWD, "/usr/lib/python3/dist-packages/zope.interface-4.3.2-nspkg.pth", O_RDONLY|O_CLOEXEC) = 3
fstat(3, {st_mode=S_IFREG|0644, st_size=529, ...}) = 0
ioctl(3, TCGETS, 0x7ffc89361930)        = -1 ENOTTY (Inappropriate ioctl for device)
lseek(3, 0, SEEK_CUR)                   = 0
ioctl(3, TCGETS, 0x7ffc89361910)        = -1 ENOTTY (Inappropriate ioctl for device)
stat("/usr/lib/python3.6", {st_mode=S_IFDIR|0755, st_size=4096, ...}) = 0
stat("/usr/lib/python3.6/_bootlocale.py", {st_mode=S_IFREG|0644, st_size=1301, ...}) = 0
stat("/usr/lib/python3.6/_bootlocale.py", {st_mode=S_IFREG|0644, st_size=1301, ...}) = 0
openat(AT_FDCWD, "/usr/lib/python3.6/__pycache__/_bootlocale.cpython-36.pyc", O_RDONLY|O_CLOEXEC) = 4
fstat(4, {st_mode=S_IFREG|0644, st_size=980, ...}) = 0
lseek(4, 0, SEEK_CUR)                   = 0
fstat(4, {st_mode=S_IFREG|0644, st_size=980, ...}) = 0
read(4, "3\r\r\nA\265\315[\25\5\0\0\343\0\0\0\0\0\0\0\0\0\0\0\0\v\0\0\0@\0\0"..., 981) = 980
read(4, "", 1)                          = 0
close(4)                                = 0
lseek(3, 0, SEEK_CUR)                   = 0
read(3, "import sys, types, os;has_mfs = "..., 8192) = 529
mmap(NULL, 262144, PROT_READ|PROT_WRITE, MAP_PRIVATE|MAP_ANONYMOUS, -1, 0) = 0x7f9a79612000
munmap(0x7f9a79612000, 262144)          = 0
stat("/usr/lib/python3.6", {st_mode=S_IFDIR|0755, st_size=4096, ...}) = 0
stat("/usr/lib/python3.6/types.py", {st_mode=S_IFREG|0644, st_size=8870, ...}) = 0
stat("/usr/lib/python3.6/types.py", {st_mode=S_IFREG|0644, st_size=8870, ...}) = 0
openat(AT_FDCWD, "/usr/lib/python3.6/__pycache__/types.cpython-36.pyc", O_RDONLY|O_CLOEXEC) = 4
fstat(4, {st_mode=S_IFREG|0644, st_size=8201, ...}) = 0
lseek(4, 0, SEEK_CUR)                   = 0
fstat(4, {st_mode=S_IFREG|0644, st_size=8201, ...}) = 0
read(4, "3\r\r\nA\265\315[\246\"\0\0\343\0\0\0\0\0\0\0\0\0\0\0\0\v\0\0\0@\0\0"..., 8202) = 8201
read(4, "", 1)                          = 0
close(4)                                = 0
stat("/usr/lib/python3.6", {st_mode=S_IFDIR|0755, st_size=4096, ...}) = 0
stat("/usr/lib/python3.6/functools.py", {st_mode=S_IFREG|0644, st_size=31346, ...}) = 0
mmap(NULL, 262144, PROT_READ|PROT_WRITE, MAP_PRIVATE|MAP_ANONYMOUS, -1, 0) = 0x7f9a79612000
munmap(0x7f9a79612000, 262144)          = 0
stat("/usr/lib/python3.6/functools.py", {st_mode=S_IFREG|0644, st_size=31346, ...}) = 0
mmap(NULL, 262144, PROT_READ|PROT_WRITE, MAP_PRIVATE|MAP_ANONYMOUS, -1, 0) = 0x7f9a79612000
munmap(0x7f9a79612000, 262144)          = 0
openat(AT_FDCWD, "/usr/lib/python3.6/__pycache__/functools.cpython-36.pyc", O_RDONLY|O_CLOEXEC) = 4
fstat(4, {st_mode=S_IFREG|0644, st_size=24062, ...}) = 0
lseek(4, 0, SEEK_CUR)                   = 0
fstat(4, {st_mode=S_IFREG|0644, st_size=24062, ...}) = 0
read(4, "3\r\r\nA\265\315[rz\0\0\343\0\0\0\0\0\0\0\0\0\0\0\0+\0\0\0@\0\0"..., 24063) = 24062
read(4, "", 1)                          = 0
mmap(NULL, 262144, PROT_READ|PROT_WRITE, MAP_PRIVATE|MAP_ANONYMOUS, -1, 0) = 0x7f9a79612000
munmap(0x7f9a79612000, 262144)          = 0
mmap(NULL, 262144, PROT_READ|PROT_WRITE, MAP_PRIVATE|MAP_ANONYMOUS, -1, 0) = 0x7f9a79612000
munmap(0x7f9a79612000, 262144)          = 0
close(4)                                = 0
mmap(NULL, 262144, PROT_READ|PROT_WRITE, MAP_PRIVATE|MAP_ANONYMOUS, -1, 0) = 0x7f9a79612000
stat("/usr/lib/python3.6", {st_mode=S_IFDIR|0755, st_size=4096, ...}) = 0
stat("/usr/lib/python3.6/collections/__init__.cpython-36m-x86_64-linux-gnu.so", 0x7ffc8935e210) = -1 ENOENT (No such file or directory)
stat("/usr/lib/python3.6/collections/__init__.abi3.so", 0x7ffc8935e210) = -1 ENOENT (No such file or directory)
stat("/usr/lib/python3.6/collections/__init__.so", 0x7ffc8935e210) = -1 ENOENT (No such file or directory)
stat("/usr/lib/python3.6/collections/__init__.py", {st_mode=S_IFREG|0644, st_size=45812, ...}) = 0
stat("/usr/lib/python3.6/collections/__init__.py", {st_mode=S_IFREG|0644, st_size=45812, ...}) = 0
openat(AT_FDCWD, "/usr/lib/python3.6/collections/__pycache__/__init__.cpython-36.pyc", O_RDONLY|O_CLOEXEC) = 4
fstat(4, {st_mode=S_IFREG|0644, st_size=45816, ...}) = 0
lseek(4, 0, SEEK_CUR)                   = 0
fstat(4, {st_mode=S_IFREG|0644, st_size=45816, ...}) = 0
brk(0x1aa0000)                          = 0x1aa0000
read(4, "3\r\r\nA\265\315[\364\262\0\0\343\0\0\0\0\0\0\0\0\0\0\0\0$\0\0\0@\0\0"..., 45817) = 45816
read(4, "", 1)                          = 0
close(4)                                = 0
brk(0x1a95000)                          = 0x1a95000
stat("/usr/lib/python3.6", {st_mode=S_IFDIR|0755, st_size=4096, ...}) = 0
stat("/usr/lib/python3.6/operator.py", {st_mode=S_IFREG|0644, st_size=10863, ...}) = 0
stat("/usr/lib/python3.6/operator.py", {st_mode=S_IFREG|0644, st_size=10863, ...}) = 0
openat(AT_FDCWD, "/usr/lib/python3.6/__pycache__/operator.cpython-36.pyc", O_RDONLY|O_CLOEXEC) = 4
fstat(4, {st_mode=S_IFREG|0644, st_size=13913, ...}) = 0
lseek(4, 0, SEEK_CUR)                   = 0
fstat(4, {st_mode=S_IFREG|0644, st_size=13913, ...}) = 0
read(4, "3\r\r\nA\265\315[o*\0\0\343\0\0\0\0\0\0\0\0\0\0\0\0006\0\0\0@\0\0"..., 13914) = 13913
read(4, "", 1)                          = 0
close(4)                                = 0
mmap(NULL, 262144, PROT_READ|PROT_WRITE, MAP_PRIVATE|MAP_ANONYMOUS, -1, 0) = 0x7f9a795d2000
stat("/usr/lib/python3.6", {st_mode=S_IFDIR|0755, st_size=4096, ...}) = 0
stat("/usr/lib/python3.6/keyword.py", {st_mode=S_IFREG|0755, st_size=2209, ...}) = 0
stat("/usr/lib/python3.6/keyword.py", {st_mode=S_IFREG|0755, st_size=2209, ...}) = 0
openat(AT_FDCWD, "/usr/lib/python3.6/__pycache__/keyword.cpython-36.pyc", O_RDONLY|O_CLOEXEC) = 4
fstat(4, {st_mode=S_IFREG|0644, st_size=1765, ...}) = 0
lseek(4, 0, SEEK_CUR)                   = 0
fstat(4, {st_mode=S_IFREG|0644, st_size=1765, ...}) = 0
read(4, "3\r\r\nA\265\315[\241\10\0\0\343\0\0\0\0\0\0\0\0\0\0\0\0!\0\0\0@\0\0"..., 1766) = 1765
read(4, "", 1)                          = 0
close(4)                                = 0
stat("/usr/lib/python3.6", {st_mode=S_IFDIR|0755, st_size=4096, ...}) = 0
stat("/usr/lib/python3.6/heapq.py", {st_mode=S_IFREG|0644, st_size=22929, ...}) = 0
stat("/usr/lib/python3.6/heapq.py", {st_mode=S_IFREG|0644, st_size=22929, ...}) = 0
openat(AT_FDCWD, "/usr/lib/python3.6/__pycache__/heapq.cpython-36.pyc", O_RDONLY|O_CLOEXEC) = 4
fstat(4, {st_mode=S_IFREG|0644, st_size=14292, ...}) = 0
lseek(4, 0, SEEK_CUR)                   = 0
fstat(4, {st_mode=S_IFREG|0644, st_size=14292, ...}) = 0
read(4, "3\r\r\nA\265\315[\221Y\0\0\343\0\0\0\0\0\0\0\0\0\0\0\0#\0\0\0@\0\0"..., 14293) = 14292
read(4, "", 1)                          = 0
close(4)                                = 0
stat("/usr/lib/python3.6", {st_mode=S_IFDIR|0755, st_size=4096, ...}) = 0
stat("/usr/lib/python3.6/reprlib.py", {st_mode=S_IFREG|0644, st_size=5336, ...}) = 0
stat("/usr/lib/python3.6/reprlib.py", {st_mode=S_IFREG|0644, st_size=5336, ...}) = 0
openat(AT_FDCWD, "/usr/lib/python3.6/__pycache__/reprlib.cpython-36.pyc", O_RDONLY|O_CLOEXEC) = 4
fstat(4, {st_mode=S_IFREG|0644, st_size=5400, ...}) = 0
lseek(4, 0, SEEK_CUR)                   = 0
fstat(4, {st_mode=S_IFREG|0644, st_size=5400, ...}) = 0
read(4, "3\r\r\nA\265\315[\330\24\0\0\343\0\0\0\0\0\0\0\0\0\0\0\0\v\0\0\0@\0\0"..., 5401) = 5400
read(4, "", 1)                          = 0
close(4)                                = 0
stat("/usr/lib/python3.6", {st_mode=S_IFDIR|0755, st_size=4096, ...}) = 0
stat("/usr/lib/python3.6/weakref.py", {st_mode=S_IFREG|0644, st_size=20466, ...}) = 0
stat("/usr/lib/python3.6/weakref.py", {st_mode=S_IFREG|0644, st_size=20466, ...}) = 0
openat(AT_FDCWD, "/usr/lib/python3.6/__pycache__/weakref.cpython-36.pyc", O_RDONLY|O_CLOEXEC) = 4
fstat(4, {st_mode=S_IFREG|0644, st_size=19143, ...}) = 0
lseek(4, 0, SEEK_CUR)                   = 0
fstat(4, {st_mode=S_IFREG|0644, st_size=19143, ...}) = 0
read(4, "3\r\r\nA\265\315[\362O\0\0\343\0\0\0\0\0\0\0\0\0\0\0\0\r\0\0\0@\0\0"..., 19144) = 19143
read(4, "", 1)                          = 0
close(4)                                = 0
stat("/usr/lib/python3.6/collections", {st_mode=S_IFDIR|0755, st_size=4096, ...}) = 0
stat("/usr/lib/python3.6/collections", {st_mode=S_IFDIR|0755, st_size=4096, ...}) = 0
stat("/usr/lib/python3.6/collections", {st_mode=S_IFDIR|0755, st_size=4096, ...}) = 0
openat(AT_FDCWD, "/usr/lib/python3.6/collections", O_RDONLY|O_NONBLOCK|O_CLOEXEC|O_DIRECTORY) = 4
fstat(4, {st_mode=S_IFDIR|0755, st_size=4096, ...}) = 0
getdents(4, /* 5 entries */, 32768)     = 144
getdents(4, /* 0 entries */, 32768)     = 0
close(4)                                = 0
stat("/usr/lib/python3.6/collections/abc.py", {st_mode=S_IFREG|0644, st_size=68, ...}) = 0
stat("/usr/lib/python3.6/collections/abc.py", {st_mode=S_IFREG|0644, st_size=68, ...}) = 0
openat(AT_FDCWD, "/usr/lib/python3.6/collections/__pycache__/abc.cpython-36.pyc", O_RDONLY|O_CLOEXEC) = 4
fstat(4, {st_mode=S_IFREG|0644, st_size=183, ...}) = 0
lseek(4, 0, SEEK_CUR)                   = 0
fstat(4, {st_mode=S_IFREG|0644, st_size=183, ...}) = 0
read(4, "3\r\r\nA\265\315[D\0\0\0\343\0\0\0\0\0\0\0\0\0\0\0\0\2\0\0\0@\0\0"..., 184) = 183
read(4, "", 1)                          = 0
close(4)                                = 0
stat("/usr/lib/python3.6", {st_mode=S_IFDIR|0755, st_size=4096, ...}) = 0
stat("/usr/lib/python3.6/importlib/__init__.cpython-36m-x86_64-linux-gnu.so", 0x7ffc8935f6d0) = -1 ENOENT (No such file or directory)
stat("/usr/lib/python3.6/importlib/__init__.abi3.so", 0x7ffc8935f6d0) = -1 ENOENT (No such file or directory)
stat("/usr/lib/python3.6/importlib/__init__.so", 0x7ffc8935f6d0) = -1 ENOENT (No such file or directory)
stat("/usr/lib/python3.6/importlib/__init__.py", {st_mode=S_IFREG|0644, st_size=5870, ...}) = 0
stat("/usr/lib/python3.6/importlib/__init__.py", {st_mode=S_IFREG|0644, st_size=5870, ...}) = 0
openat(AT_FDCWD, "/usr/lib/python3.6/importlib/__pycache__/__init__.cpython-36.pyc", O_RDONLY|O_CLOEXEC) = 4
fstat(4, {st_mode=S_IFREG|0644, st_size=3600, ...}) = 0
lseek(4, 0, SEEK_CUR)                   = 0
fstat(4, {st_mode=S_IFREG|0644, st_size=3600, ...}) = 0
read(4, "3\r\r\nA\265\315[\356\26\0\0\343\0\0\0\0\0\0\0\0\0\0\0\0#\0\0\0@\0\0"..., 3601) = 3600
read(4, "", 1)                          = 0
close(4)                                = 0
stat("/usr/lib/python3.6", {st_mode=S_IFDIR|0755, st_size=4096, ...}) = 0
stat("/usr/lib/python3.6/warnings.py", {st_mode=S_IFREG|0644, st_size=18488, ...}) = 0
stat("/usr/lib/python3.6/warnings.py", {st_mode=S_IFREG|0644, st_size=18488, ...}) = 0
openat(AT_FDCWD, "/usr/lib/python3.6/__pycache__/warnings.cpython-36.pyc", O_RDONLY|O_CLOEXEC) = 4
fstat(4, {st_mode=S_IFREG|0644, st_size=13258, ...}) = 0
lseek(4, 0, SEEK_CUR)                   = 0
fstat(4, {st_mode=S_IFREG|0644, st_size=13258, ...}) = 0
read(4, "3\r\r\nA\265\315[8H\0\0\343\0\0\0\0\0\0\0\0\0\0\0\0\r\0\0\0@\0\0"..., 13259) = 13258
read(4, "", 1)                          = 0
close(4)                                = 0
stat("/usr/lib/python3.6/importlib", {st_mode=S_IFDIR|0755, st_size=4096, ...}) = 0
stat("/usr/lib/python3.6/importlib", {st_mode=S_IFDIR|0755, st_size=4096, ...}) = 0
stat("/usr/lib/python3.6/importlib", {st_mode=S_IFDIR|0755, st_size=4096, ...}) = 0
openat(AT_FDCWD, "/usr/lib/python3.6/importlib", O_RDONLY|O_NONBLOCK|O_CLOEXEC|O_DIRECTORY) = 4
fstat(4, {st_mode=S_IFDIR|0755, st_size=4096, ...}) = 0
getdents(4, /* 9 entries */, 32768)     = 296
getdents(4, /* 0 entries */, 32768)     = 0
close(4)                                = 0
stat("/usr/lib/python3.6/importlib/util.py", {st_mode=S_IFREG|0644, st_size=10883, ...}) = 0
stat("/usr/lib/python3.6/importlib/util.py", {st_mode=S_IFREG|0644, st_size=10883, ...}) = 0
openat(AT_FDCWD, "/usr/lib/python3.6/importlib/__pycache__/util.cpython-36.pyc", O_RDONLY|O_CLOEXEC) = 4
fstat(4, {st_mode=S_IFREG|0644, st_size=8900, ...}) = 0
lseek(4, 0, SEEK_CUR)                   = 0
fstat(4, {st_mode=S_IFREG|0644, st_size=8900, ...}) = 0
read(4, "3\r\r\nA\265\315[\203*\0\0\343\0\0\0\0\0\0\0\0\0\0\0\0\4\0\0\0@\0\0"..., 8901) = 8900
read(4, "", 1)                          = 0
close(4)                                = 0
stat("/usr/lib/python3.6/importlib", {st_mode=S_IFDIR|0755, st_size=4096, ...}) = 0
stat("/usr/lib/python3.6/importlib/abc.py", {st_mode=S_IFREG|0644, st_size=10782, ...}) = 0
stat("/usr/lib/python3.6/importlib/abc.py", {st_mode=S_IFREG|0644, st_size=10782, ...}) = 0
openat(AT_FDCWD, "/usr/lib/python3.6/importlib/__pycache__/abc.cpython-36.pyc", O_RDONLY|O_CLOEXEC) = 4
fstat(4, {st_mode=S_IFREG|0644, st_size=11293, ...}) = 0
lseek(4, 0, SEEK_CUR)                   = 0
fstat(4, {st_mode=S_IFREG|0644, st_size=11293, ...}) = 0
read(4, "3\r\r\nA\265\315[\36*\0\0\343\0\0\0\0\0\0\0\0\0\0\0\0\"\0\0\0@\0\0"..., 11294) = 11293
read(4, "", 1)                          = 0
close(4)                                = 0
stat("/usr/lib/python3.6/importlib", {st_mode=S_IFDIR|0755, st_size=4096, ...}) = 0
stat("/usr/lib/python3.6/importlib/machinery.py", {st_mode=S_IFREG|0644, st_size=844, ...}) = 0
stat("/usr/lib/python3.6/importlib/machinery.py", {st_mode=S_IFREG|0644, st_size=844, ...}) = 0
openat(AT_FDCWD, "/usr/lib/python3.6/importlib/__pycache__/machinery.cpython-36.pyc", O_RDONLY|O_CLOEXEC) = 4
fstat(4, {st_mode=S_IFREG|0644, st_size=950, ...}) = 0
lseek(4, 0, SEEK_CUR)                   = 0
fstat(4, {st_mode=S_IFREG|0644, st_size=950, ...}) = 0
read(4, "3\r\r\nA\265\315[L\3\0\0\343\0\0\0\0\0\0\0\0\0\0\0\0\2\0\0\0@\0\0"..., 951) = 950
read(4, "", 1)                          = 0
close(4)                                = 0
stat("/usr/lib/python3.6", {st_mode=S_IFDIR|0755, st_size=4096, ...}) = 0
stat("/usr/lib/python3.6/contextlib.py", {st_mode=S_IFREG|0644, st_size=13162, ...}) = 0
stat("/usr/lib/python3.6/contextlib.py", {st_mode=S_IFREG|0644, st_size=13162, ...}) = 0
openat(AT_FDCWD, "/usr/lib/python3.6/__pycache__/contextlib.cpython-36.pyc", O_RDONLY|O_CLOEXEC) = 4
fstat(4, {st_mode=S_IFREG|0644, st_size=11158, ...}) = 0
lseek(4, 0, SEEK_CUR)                   = 0
fstat(4, {st_mode=S_IFREG|0644, st_size=11158, ...}) = 0
read(4, "3\r\r\nA\265\315[j3\0\0\343\0\0\0\0\0\0\0\0\0\0\0\0\10\0\0\0@\0\0"..., 11159) = 11158
read(4, "", 1)                          = 0
close(4)                                = 0
mmap(NULL, 262144, PROT_READ|PROT_WRITE, MAP_PRIVATE|MAP_ANONYMOUS, -1, 0) = 0x7f9a79592000
stat("/usr/lib/python3/dist-packages", {st_mode=S_IFDIR|0755, st_size=4096, ...}) = 0
stat("/usr/lib/python3/dist-packages", {st_mode=S_IFDIR|0755, st_size=4096, ...}) = 0
stat("/usr/lib/python3/dist-packages", {st_mode=S_IFDIR|0755, st_size=4096, ...}) = 0
openat(AT_FDCWD, "/usr/lib/python3/dist-packages", O_RDONLY|O_NONBLOCK|O_CLOEXEC|O_DIRECTORY) = 4
fstat(4, {st_mode=S_IFDIR|0755, st_size=4096, ...}) = 0
brk(0x1abc000)                          = 0x1abc000
getdents(4, /* 135 entries */, 32768)   = 5520
getdents(4, /* 0 entries */, 32768)     = 0
brk(0x1ab4000)                          = 0x1ab4000
close(4)                                = 0
stat("/usr/lib/python3/dist-packages/zope/__init__.cpython-36m-x86_64-linux-gnu.so", 0x7ffc89360940) = -1 ENOENT (No such file or directory)
stat("/usr/lib/python3/dist-packages/zope/__init__.abi3.so", 0x7ffc89360940) = -1 ENOENT (No such file or directory)
stat("/usr/lib/python3/dist-packages/zope/__init__.so", 0x7ffc89360940) = -1 ENOENT (No such file or directory)
stat("/usr/lib/python3/dist-packages/zope/__init__.py", {st_mode=S_IFREG|0644, st_size=200, ...}) = 0
read(3, "", 8192)                       = 0
close(3)                                = 0
stat("/usr/lib/python3.6/dist-packages", 0x7ffc89361f00) = -1 ENOENT (No such file or directory)
stat("/usr/lib/python3.6", {st_mode=S_IFDIR|0755, st_size=4096, ...}) = 0
stat("/usr/lib/python3.6/sitecustomize.py", {st_mode=S_IFREG|0644, st_size=155, ...}) = 0
stat("/usr/lib/python3.6/sitecustomize.py", {st_mode=S_IFREG|0644, st_size=155, ...}) = 0
openat(AT_FDCWD, "/usr/lib/python3.6/__pycache__/sitecustomize.cpython-36.pyc", O_RDONLY|O_CLOEXEC) = 3
fstat(3, {st_mode=S_IFREG|0644, st_size=212, ...}) = 0
lseek(3, 0, SEEK_CUR)                   = 0
fstat(3, {st_mode=S_IFREG|0644, st_size=212, ...}) = 0
read(3, "3\r\r\n6r\300Z\233\0\0\0\343\0\0\0\0\0\0\0\0\0\0\0\0\v\0\0\0@\0\0"..., 213) = 212
read(3, "", 1)                          = 0
close(3)                                = 0
stat("/usr/lib/python3.6", {st_mode=S_IFDIR|0755, st_size=4096, ...}) = 0
stat("/usr/lib/python3.6/lib-dynload", {st_mode=S_IFDIR|0755, st_size=4096, ...}) = 0
stat("/usr/lib/python3.6/lib-dynload", {st_mode=S_IFDIR|0755, st_size=4096, ...}) = 0
stat("/usr/lib/python3.6/lib-dynload", {st_mode=S_IFDIR|0755, st_size=4096, ...}) = 0
openat(AT_FDCWD, "/usr/lib/python3.6/lib-dynload", O_RDONLY|O_NONBLOCK|O_CLOEXEC|O_DIRECTORY) = 3
fstat(3, {st_mode=S_IFDIR|0755, st_size=4096, ...}) = 0
getdents(3, /* 41 entries */, 32768)    = 2544
getdents(3, /* 0 entries */, 32768)     = 0
close(3)                                = 0
stat("/usr/local/lib/python3.6/dist-packages", {st_mode=S_IFDIR|S_ISGID|0775, st_size=4096, ...}) = 0
stat("/usr/local/lib/python3.6/dist-packages", {st_mode=S_IFDIR|S_ISGID|0775, st_size=4096, ...}) = 0
stat("/usr/local/lib/python3.6/dist-packages", {st_mode=S_IFDIR|S_ISGID|0775, st_size=4096, ...}) = 0
openat(AT_FDCWD, "/usr/local/lib/python3.6/dist-packages", O_RDONLY|O_NONBLOCK|O_CLOEXEC|O_DIRECTORY) = 3
fstat(3, {st_mode=S_IFDIR|S_ISGID|0775, st_size=4096, ...}) = 0
getdents(3, /* 2 entries */, 32768)     = 48
getdents(3, /* 0 entries */, 32768)     = 0
close(3)                                = 0
stat("/usr/lib/python3/dist-packages", {st_mode=S_IFDIR|0755, st_size=4096, ...}) = 0
stat("/usr/lib/python3/dist-packages/apport_python_hook.py", {st_mode=S_IFREG|0644, st_size=7798, ...}) = 0
stat("/usr/lib/python3/dist-packages/apport_python_hook.py", {st_mode=S_IFREG|0644, st_size=7798, ...}) = 0
openat(AT_FDCWD, "/usr/lib/python3/dist-packages/__pycache__/apport_python_hook.cpython-36.pyc", O_RDONLY|O_CLOEXEC) = 3
fstat(3, {st_mode=S_IFREG|0644, st_size=4151, ...}) = 0
lseek(3, 0, SEEK_CUR)                   = 0
fstat(3, {st_mode=S_IFREG|0644, st_size=4151, ...}) = 0
read(3, "3\r\r\n@\5\23Zv\36\0\0\343\0\0\0\0\0\0\0\0\0\0\0\0\2\0\0\0@\0\0"..., 4152) = 4151
read(3, "", 1)                          = 0
close(3)                                = 0
stat("/usr/lib/python3.6", {st_mode=S_IFDIR|0755, st_size=4096, ...}) = 0
stat("/usr/lib/python3.6/lib-dynload", {st_mode=S_IFDIR|0755, st_size=4096, ...}) = 0
stat("/usr/local/lib/python3.6/dist-packages", {st_mode=S_IFDIR|S_ISGID|0775, st_size=4096, ...}) = 0
stat("/usr/lib/python3/dist-packages", {st_mode=S_IFDIR|0755, st_size=4096, ...}) = 0
stat("./hello.py", {st_mode=S_IFREG|0664, st_size=22, ...}) = 0
openat(AT_FDCWD, "./hello.py", O_RDONLY) = 3
ioctl(3, FIOCLEX)                       = 0
fstat(3, {st_mode=S_IFREG|0664, st_size=22, ...}) = 0
fstat(3, {st_mode=S_IFREG|0664, st_size=22, ...}) = 0
lseek(3, 0, SEEK_SET)                   = 0
read(3, "print(\"hello world\")\n\n", 4096) = 22
close(3)                                = 0
stat("./hello.py", {st_mode=S_IFREG|0664, st_size=22, ...}) = 0
readlink("./hello.py", 0x7ffc89352810, 4096) = -1 EINVAL (Invalid argument)
getcwd("/home/hazuhi/linux-in-practice/hello", 4096) = 37
lstat("/home/hazuhi/linux-in-practice/hello/hello.py", {st_mode=S_IFREG|0664, st_size=22, ...}) = 0
openat(AT_FDCWD, "./hello.py", O_RDONLY) = 3
fcntl(3, F_GETFD)                       = 0
fcntl(3, F_SETFD, FD_CLOEXEC)           = 0
fstat(3, {st_mode=S_IFREG|0664, st_size=22, ...}) = 0
ioctl(3, TCGETS, 0x7ffc89363790)        = -1 ENOTTY (Inappropriate ioctl for device)
lseek(3, 0, SEEK_CUR)                   = 0
fstat(3, {st_mode=S_IFREG|0664, st_size=22, ...}) = 0
read(3, "print(\"hello world\")\n\n", 4096) = 22
lseek(3, 0, SEEK_SET)                   = 0
read(3, "print(\"hello world\")\n\n", 4096) = 22
read(3, "", 4096)                       = 0
close(3)                                = 0
write(1, "hello world\n", 12)           = 12
rt_sigaction(SIGINT, {sa_handler=SIG_DFL, sa_mask=[], sa_flags=SA_RESTORER, sa_restorer=0x7f9a7a7bbf20}, {sa_handler=0x62ff10, sa_mask=[], sa_flags=SA_RESTORER, sa_restorer=0x7f9a7a7bbf20}, 8) = 0
munmap(0x7f9a79592000, 262144)          = 0
sigaltstack(NULL, {ss_sp=0x19f8750, ss_flags=0, ss_size=8192}) = 0
sigaltstack({ss_sp=NULL, ss_flags=SS_DISABLE, ss_size=0}, NULL) = 0
exit_group(0)                           = ?
+++ exited with 0 +++
